{"/home/jess/springboard/node/express-jobly/app.js": {"path":"/home/jess/springboard/node/express-jobly/app.js","statementMap":{"0":{"start":{"line":5,"column":16},"end":{"line":5,"column":34}},"1":{"start":{"line":6,"column":13},"end":{"line":6,"column":28}},"2":{"start":{"line":8,"column":26},"end":{"line":8,"column":51}},"3":{"start":{"line":10,"column":28},"end":{"line":10,"column":56}},"4":{"start":{"line":11,"column":19},"end":{"line":11,"column":43}},"5":{"start":{"line":12,"column":24},"end":{"line":12,"column":53}},"6":{"start":{"line":13,"column":20},"end":{"line":13,"column":45}},"7":{"start":{"line":14,"column":19},"end":{"line":14,"column":43}},"8":{"start":{"line":16,"column":15},"end":{"line":16,"column":32}},"9":{"start":{"line":18,"column":12},"end":{"line":18,"column":21}},"10":{"start":{"line":20,"column":0},"end":{"line":20,"column":16}},"11":{"start":{"line":21,"column":0},"end":{"line":21,"column":24}},"12":{"start":{"line":22,"column":0},"end":{"line":22,"column":24}},"13":{"start":{"line":23,"column":0},"end":{"line":23,"column":25}},"14":{"start":{"line":25,"column":0},"end":{"line":25,"column":29}},"15":{"start":{"line":26,"column":0},"end":{"line":26,"column":39}},"16":{"start":{"line":27,"column":0},"end":{"line":27,"column":31}},"17":{"start":{"line":28,"column":0},"end":{"line":28,"column":29}},"18":{"start":{"line":31,"column":0},"end":{"line":33,"column":3}},"19":{"start":{"line":32,"column":1},"end":{"line":32,"column":34}},"20":{"start":{"line":36,"column":0},"end":{"line":44,"column":3}},"21":{"start":{"line":37,"column":1},"end":{"line":37,"column":63}},"22":{"start":{"line":37,"column":38},"end":{"line":37,"column":63}},"23":{"start":{"line":38,"column":16},"end":{"line":38,"column":33}},"24":{"start":{"line":39,"column":17},"end":{"line":39,"column":28}},"25":{"start":{"line":41,"column":1},"end":{"line":43,"column":4}},"26":{"start":{"line":46,"column":0},"end":{"line":46,"column":21}}},"fnMap":{"0":{"name":"(anonymous_0)","decl":{"start":{"line":31,"column":8},"end":{"line":31,"column":9}},"loc":{"start":{"line":31,"column":33},"end":{"line":33,"column":1}},"line":31},"1":{"name":"(anonymous_1)","decl":{"start":{"line":36,"column":8},"end":{"line":36,"column":9}},"loc":{"start":{"line":36,"column":38},"end":{"line":44,"column":1}},"line":36}},"branchMap":{"0":{"loc":{"start":{"line":37,"column":1},"end":{"line":37,"column":63}},"type":"if","locations":[{"start":{"line":37,"column":1},"end":{"line":37,"column":63}},{"start":{},"end":{}}],"line":37},"1":{"loc":{"start":{"line":38,"column":16},"end":{"line":38,"column":33}},"type":"binary-expr","locations":[{"start":{"line":38,"column":16},"end":{"line":38,"column":26}},{"start":{"line":38,"column":30},"end":{"line":38,"column":33}}],"line":38}},"s":{"0":5,"1":5,"2":5,"3":5,"4":5,"5":5,"6":5,"7":5,"8":5,"9":5,"10":5,"11":5,"12":5,"13":5,"14":5,"15":5,"16":5,"17":5,"18":5,"19":2,"20":5,"21":52,"22":1,"23":52,"24":52,"25":52,"26":5},"f":{"0":2,"1":52},"b":{"0":[1,51],"1":[52,3]},"_coverageSchema":"1a1c01bbd47fc00a2c39e90264f33305004495a9","hash":"0c594e9ccc8998eb6fdb732af4dcfab91fecc10f"}
,"/home/jess/springboard/node/express-jobly/config.js": {"path":"/home/jess/springboard/node/express-jobly/config.js","statementMap":{"0":{"start":{"line":5,"column":0},"end":{"line":5,"column":27}},"1":{"start":{"line":6,"column":0},"end":{"line":6,"column":18}},"2":{"start":{"line":8,"column":19},"end":{"line":8,"column":57}},"3":{"start":{"line":10,"column":13},"end":{"line":10,"column":38}},"4":{"start":{"line":14,"column":2},"end":{"line":16,"column":44}},"5":{"start":{"line":22,"column":27},"end":{"line":22,"column":67}},"6":{"start":{"line":24,"column":0},"end":{"line":24,"column":35}},"7":{"start":{"line":25,"column":0},"end":{"line":25,"column":46}},"8":{"start":{"line":26,"column":0},"end":{"line":26,"column":45}},"9":{"start":{"line":27,"column":0},"end":{"line":27,"column":61}},"10":{"start":{"line":28,"column":0},"end":{"line":28,"column":50}},"11":{"start":{"line":29,"column":0},"end":{"line":29,"column":19}},"12":{"start":{"line":31,"column":0},"end":{"line":36,"column":2}}},"fnMap":{"0":{"name":"getDatabaseUri","decl":{"start":{"line":13,"column":9},"end":{"line":13,"column":23}},"loc":{"start":{"line":13,"column":26},"end":{"line":17,"column":1}},"line":13}},"branchMap":{"0":{"loc":{"start":{"line":8,"column":19},"end":{"line":8,"column":57}},"type":"binary-expr","locations":[{"start":{"line":8,"column":19},"end":{"line":8,"column":41}},{"start":{"line":8,"column":45},"end":{"line":8,"column":57}}],"line":8},"1":{"loc":{"start":{"line":10,"column":13},"end":{"line":10,"column":38}},"type":"binary-expr","locations":[{"start":{"line":10,"column":13},"end":{"line":10,"column":30}},{"start":{"line":10,"column":34},"end":{"line":10,"column":38}}],"line":10},"2":{"loc":{"start":{"line":14,"column":9},"end":{"line":16,"column":43}},"type":"cond-expr","locations":[{"start":{"line":15,"column":8},"end":{"line":15,"column":20}},{"start":{"line":16,"column":8},"end":{"line":16,"column":43}}],"line":14},"3":{"loc":{"start":{"line":16,"column":8},"end":{"line":16,"column":43}},"type":"binary-expr","locations":[{"start":{"line":16,"column":8},"end":{"line":16,"column":32}},{"start":{"line":16,"column":36},"end":{"line":16,"column":43}}],"line":16},"4":{"loc":{"start":{"line":22,"column":27},"end":{"line":22,"column":67}},"type":"cond-expr","locations":[{"start":{"line":22,"column":61},"end":{"line":22,"column":62}},{"start":{"line":22,"column":65},"end":{"line":22,"column":67}}],"line":22}},"s":{"0":11,"1":11,"2":11,"3":11,"4":22,"5":11,"6":11,"7":11,"8":11,"9":11,"10":11,"11":11,"12":11},"f":{"0":22},"b":{"0":[11,10],"1":[11,10],"2":[19,3],"3":[3,1],"4":[10,1]},"_coverageSchema":"1a1c01bbd47fc00a2c39e90264f33305004495a9","hash":"478b00f1f97616366e1d2ef6271c1045b68ed272"}
,"/home/jess/springboard/node/express-jobly/db.js": {"path":"/home/jess/springboard/node/express-jobly/db.js","statementMap":{"0":{"start":{"line":3,"column":19},"end":{"line":3,"column":32}},"1":{"start":{"line":4,"column":27},"end":{"line":4,"column":46}},"2":{"start":{"line":8,"column":0},"end":{"line":19,"column":1}},"3":{"start":{"line":9,"column":2},"end":{"line":14,"column":5}},"4":{"start":{"line":16,"column":2},"end":{"line":18,"column":5}},"5":{"start":{"line":21,"column":0},"end":{"line":21,"column":13}},"6":{"start":{"line":23,"column":0},"end":{"line":23,"column":20}}},"fnMap":{},"branchMap":{"0":{"loc":{"start":{"line":8,"column":0},"end":{"line":19,"column":1}},"type":"if","locations":[{"start":{"line":8,"column":0},"end":{"line":19,"column":1}},{"start":{"line":15,"column":7},"end":{"line":19,"column":1}}],"line":8}},"s":{"0":8,"1":8,"2":8,"3":0,"4":8,"5":8,"6":8},"f":{},"b":{"0":[0,8]},"_coverageSchema":"1a1c01bbd47fc00a2c39e90264f33305004495a9","hash":"e744305be65b404d714f5fac526f2ae90bf0d476"}
,"/home/jess/springboard/node/express-jobly/expressError.js": {"path":"/home/jess/springboard/node/express-jobly/expressError.js","statementMap":{"0":{"start":{"line":9,"column":4},"end":{"line":9,"column":12}},"1":{"start":{"line":10,"column":4},"end":{"line":10,"column":27}},"2":{"start":{"line":11,"column":4},"end":{"line":11,"column":25}},"3":{"start":{"line":19,"column":4},"end":{"line":19,"column":24}},"4":{"start":{"line":27,"column":4},"end":{"line":27,"column":24}},"5":{"start":{"line":35,"column":4},"end":{"line":35,"column":24}},"6":{"start":{"line":43,"column":4},"end":{"line":43,"column":24}},"7":{"start":{"line":47,"column":0},"end":{"line":53,"column":2}}},"fnMap":{"0":{"name":"(anonymous_0)","decl":{"start":{"line":8,"column":2},"end":{"line":8,"column":3}},"loc":{"start":{"line":8,"column":31},"end":{"line":12,"column":3}},"line":8},"1":{"name":"(anonymous_1)","decl":{"start":{"line":18,"column":2},"end":{"line":18,"column":3}},"loc":{"start":{"line":18,"column":37},"end":{"line":20,"column":3}},"line":18},"2":{"name":"(anonymous_2)","decl":{"start":{"line":26,"column":2},"end":{"line":26,"column":3}},"loc":{"start":{"line":26,"column":40},"end":{"line":28,"column":3}},"line":26},"3":{"name":"(anonymous_3)","decl":{"start":{"line":34,"column":2},"end":{"line":34,"column":3}},"loc":{"start":{"line":34,"column":39},"end":{"line":36,"column":3}},"line":34},"4":{"name":"(anonymous_4)","decl":{"start":{"line":42,"column":2},"end":{"line":42,"column":3}},"loc":{"start":{"line":42,"column":39},"end":{"line":44,"column":3}},"line":42}},"branchMap":{"0":{"loc":{"start":{"line":18,"column":14},"end":{"line":18,"column":35}},"type":"default-arg","locations":[{"start":{"line":18,"column":24},"end":{"line":18,"column":35}}],"line":18},"1":{"loc":{"start":{"line":26,"column":14},"end":{"line":26,"column":38}},"type":"default-arg","locations":[{"start":{"line":26,"column":24},"end":{"line":26,"column":38}}],"line":26},"2":{"loc":{"start":{"line":34,"column":14},"end":{"line":34,"column":37}},"type":"default-arg","locations":[{"start":{"line":34,"column":24},"end":{"line":34,"column":37}}],"line":34},"3":{"loc":{"start":{"line":42,"column":14},"end":{"line":42,"column":37}},"type":"default-arg","locations":[{"start":{"line":42,"column":24},"end":{"line":42,"column":37}}],"line":42}},"s":{"0":65,"1":65,"2":65,"3":20,"4":24,"5":21,"6":0,"7":10},"f":{"0":65,"1":20,"2":24,"3":21,"4":0},"b":{"0":[2],"1":[20],"2":[0],"3":[0]},"_coverageSchema":"1a1c01bbd47fc00a2c39e90264f33305004495a9","hash":"6697364f17016d617e7ff619494912bf9ca14aae"}
,"/home/jess/springboard/node/express-jobly/helpers/sql.js": {"path":"/home/jess/springboard/node/express-jobly/helpers/sql.js","statementMap":{"0":{"start":{"line":1,"column":28},"end":{"line":1,"column":54}},"1":{"start":{"line":19,"column":14},"end":{"line":19,"column":39}},"2":{"start":{"line":20,"column":1},"end":{"line":20,"column":61}},"3":{"start":{"line":20,"column":24},"end":{"line":20,"column":61}},"4":{"start":{"line":23,"column":14},"end":{"line":23,"column":88}},"5":{"start":{"line":23,"column":41},"end":{"line":23,"column":87}},"6":{"start":{"line":25,"column":1},"end":{"line":28,"column":3}},"7":{"start":{"line":31,"column":0},"end":{"line":31,"column":41}}},"fnMap":{"0":{"name":"sqlForPartialUpdate","decl":{"start":{"line":18,"column":9},"end":{"line":18,"column":28}},"loc":{"start":{"line":18,"column":52},"end":{"line":29,"column":1}},"line":18},"1":{"name":"(anonymous_1)","decl":{"start":{"line":23,"column":23},"end":{"line":23,"column":24}},"loc":{"start":{"line":23,"column":41},"end":{"line":23,"column":87}},"line":23}},"branchMap":{"0":{"loc":{"start":{"line":20,"column":1},"end":{"line":20,"column":61}},"type":"if","locations":[{"start":{"line":20,"column":1},"end":{"line":20,"column":61}},{"start":{},"end":{}}],"line":20},"1":{"loc":{"start":{"line":23,"column":45},"end":{"line":23,"column":72}},"type":"binary-expr","locations":[{"start":{"line":23,"column":45},"end":{"line":23,"column":61}},{"start":{"line":23,"column":65},"end":{"line":23,"column":72}}],"line":23}},"s":{"0":9,"1":19,"2":19,"3":2,"4":17,"5":34,"6":17,"7":9},"f":{"0":19,"1":34},"b":{"0":[2,17],"1":[34,19]},"_coverageSchema":"1a1c01bbd47fc00a2c39e90264f33305004495a9","hash":"451852c7b3af89e92418b560fb572da75b5147f1"}
,"/home/jess/springboard/node/express-jobly/helpers/tokens.js": {"path":"/home/jess/springboard/node/express-jobly/helpers/tokens.js","statementMap":{"0":{"start":{"line":1,"column":12},"end":{"line":1,"column":35}},"1":{"start":{"line":2,"column":23},"end":{"line":2,"column":43}},"2":{"start":{"line":7,"column":1},"end":{"line":7,"column":96}},"3":{"start":{"line":9,"column":15},"end":{"line":12,"column":2}},"4":{"start":{"line":14,"column":1},"end":{"line":14,"column":38}},"5":{"start":{"line":17,"column":0},"end":{"line":17,"column":33}}},"fnMap":{"0":{"name":"createToken","decl":{"start":{"line":6,"column":9},"end":{"line":6,"column":20}},"loc":{"start":{"line":6,"column":27},"end":{"line":15,"column":1}},"line":6}},"branchMap":{"0":{"loc":{"start":{"line":11,"column":11},"end":{"line":11,"column":32}},"type":"binary-expr","locations":[{"start":{"line":11,"column":11},"end":{"line":11,"column":23}},{"start":{"line":11,"column":27},"end":{"line":11,"column":32}}],"line":11}},"s":{"0":6,"1":6,"2":15,"3":15,"4":15,"5":6},"f":{"0":15},"b":{"0":[15,9]},"_coverageSchema":"1a1c01bbd47fc00a2c39e90264f33305004495a9","hash":"21ef08149a5ae1715ad59bb94bace40cfa5bbb8c"}
,"/home/jess/springboard/node/express-jobly/middleware/auth.js": {"path":"/home/jess/springboard/node/express-jobly/middleware/auth.js","statementMap":{"0":{"start":{"line":5,"column":12},"end":{"line":5,"column":35}},"1":{"start":{"line":6,"column":23},"end":{"line":6,"column":43}},"2":{"start":{"line":7,"column":30},"end":{"line":7,"column":56}},"3":{"start":{"line":18,"column":1},"end":{"line":27,"column":2}},"4":{"start":{"line":19,"column":21},"end":{"line":19,"column":61}},"5":{"start":{"line":20,"column":2},"end":{"line":23,"column":3}},"6":{"start":{"line":21,"column":17},"end":{"line":21,"column":61}},"7":{"start":{"line":22,"column":3},"end":{"line":22,"column":51}},"8":{"start":{"line":24,"column":2},"end":{"line":24,"column":16}},"9":{"start":{"line":26,"column":2},"end":{"line":26,"column":16}},"10":{"start":{"line":36,"column":1},"end":{"line":41,"column":2}},"11":{"start":{"line":37,"column":2},"end":{"line":37,"column":54}},"12":{"start":{"line":37,"column":24},"end":{"line":37,"column":54}},"13":{"start":{"line":38,"column":2},"end":{"line":38,"column":16}},"14":{"start":{"line":40,"column":2},"end":{"line":40,"column":19}},"15":{"start":{"line":48,"column":1},"end":{"line":53,"column":2}},"16":{"start":{"line":49,"column":2},"end":{"line":49,"column":62}},"17":{"start":{"line":49,"column":32},"end":{"line":49,"column":62}},"18":{"start":{"line":50,"column":2},"end":{"line":50,"column":16}},"19":{"start":{"line":52,"column":2},"end":{"line":52,"column":19}},"20":{"start":{"line":57,"column":1},"end":{"line":64,"column":2}},"21":{"start":{"line":58,"column":2},"end":{"line":60,"column":3}},"22":{"start":{"line":59,"column":3},"end":{"line":59,"column":33}},"23":{"start":{"line":61,"column":2},"end":{"line":61,"column":16}},"24":{"start":{"line":63,"column":2},"end":{"line":63,"column":19}},"25":{"start":{"line":67,"column":0},"end":{"line":72,"column":2}}},"fnMap":{"0":{"name":"authenticateJWT","decl":{"start":{"line":17,"column":9},"end":{"line":17,"column":24}},"loc":{"start":{"line":17,"column":41},"end":{"line":28,"column":1}},"line":17},"1":{"name":"ensureLoggedIn","decl":{"start":{"line":35,"column":9},"end":{"line":35,"column":23}},"loc":{"start":{"line":35,"column":40},"end":{"line":42,"column":1}},"line":35},"2":{"name":"ensureAdminStatus","decl":{"start":{"line":47,"column":9},"end":{"line":47,"column":26}},"loc":{"start":{"line":47,"column":43},"end":{"line":54,"column":1}},"line":47},"3":{"name":"ensureCorrectUserAuthorization","decl":{"start":{"line":56,"column":9},"end":{"line":56,"column":39}},"loc":{"start":{"line":56,"column":56},"end":{"line":65,"column":1}},"line":56}},"branchMap":{"0":{"loc":{"start":{"line":19,"column":21},"end":{"line":19,"column":61}},"type":"binary-expr","locations":[{"start":{"line":19,"column":21},"end":{"line":19,"column":32}},{"start":{"line":19,"column":36},"end":{"line":19,"column":61}}],"line":19},"1":{"loc":{"start":{"line":20,"column":2},"end":{"line":23,"column":3}},"type":"if","locations":[{"start":{"line":20,"column":2},"end":{"line":23,"column":3}},{"start":{},"end":{}}],"line":20},"2":{"loc":{"start":{"line":37,"column":2},"end":{"line":37,"column":54}},"type":"if","locations":[{"start":{"line":37,"column":2},"end":{"line":37,"column":54}},{"start":{},"end":{}}],"line":37},"3":{"loc":{"start":{"line":49,"column":2},"end":{"line":49,"column":62}},"type":"if","locations":[{"start":{"line":49,"column":2},"end":{"line":49,"column":62}},{"start":{},"end":{}}],"line":49},"4":{"loc":{"start":{"line":58,"column":2},"end":{"line":60,"column":3}},"type":"if","locations":[{"start":{"line":58,"column":2},"end":{"line":60,"column":3}},{"start":{},"end":{}}],"line":58},"5":{"loc":{"start":{"line":58,"column":8},"end":{"line":58,"column":104}},"type":"binary-expr","locations":[{"start":{"line":58,"column":8},"end":{"line":58,"column":23}},{"start":{"line":58,"column":28},"end":{"line":58,"column":51}},{"start":{"line":58,"column":55},"end":{"line":58,"column":103}}],"line":58}},"s":{"0":6,"1":6,"2":6,"3":82,"4":82,"5":82,"6":47,"7":47,"8":81,"9":1,"10":56,"11":56,"12":12,"13":44,"14":12,"15":32,"16":32,"17":8,"18":24,"19":8,"20":11,"21":11,"22":0,"23":11,"24":0,"25":6},"f":{"0":82,"1":56,"2":32,"3":11},"b":{"0":[82,81],"1":[47,35],"2":[12,44],"3":[8,24],"4":[0,11],"5":[11,11,3]},"_coverageSchema":"1a1c01bbd47fc00a2c39e90264f33305004495a9","hash":"62ac5d51d6261fb6b23f644409e6eafc7552ad61"}
,"/home/jess/springboard/node/express-jobly/models/_testCommon.js": {"path":"/home/jess/springboard/node/express-jobly/models/_testCommon.js","statementMap":{"0":{"start":{"line":1,"column":15},"end":{"line":1,"column":32}},"1":{"start":{"line":3,"column":11},"end":{"line":3,"column":30}},"2":{"start":{"line":4,"column":31},"end":{"line":4,"column":51}},"3":{"start":{"line":6,"column":0},"end":{"line":6,"column":16}},"4":{"start":{"line":10,"column":1},"end":{"line":10,"column":41}},"5":{"start":{"line":12,"column":1},"end":{"line":12,"column":37}},"6":{"start":{"line":14,"column":1},"end":{"line":18,"column":55}},"7":{"start":{"line":19,"column":1},"end":{"line":30,"column":3}},"8":{"start":{"line":32,"column":20},"end":{"line":38,"column":6}},"9":{"start":{"line":39,"column":1},"end":{"line":39,"column":62}},"10":{"start":{"line":39,"column":55},"end":{"line":39,"column":59}},"11":{"start":{"line":43,"column":1},"end":{"line":43,"column":25}},"12":{"start":{"line":47,"column":1},"end":{"line":47,"column":28}},"13":{"start":{"line":51,"column":1},"end":{"line":51,"column":16}},"14":{"start":{"line":54,"column":0},"end":{"line":60,"column":2}}},"fnMap":{"0":{"name":"commonBeforeAll","decl":{"start":{"line":8,"column":15},"end":{"line":8,"column":30}},"loc":{"start":{"line":8,"column":33},"end":{"line":40,"column":1}},"line":8},"1":{"name":"(anonymous_1)","decl":{"start":{"line":39,"column":48},"end":{"line":39,"column":49}},"loc":{"start":{"line":39,"column":55},"end":{"line":39,"column":59}},"line":39},"2":{"name":"commonBeforeEach","decl":{"start":{"line":42,"column":15},"end":{"line":42,"column":31}},"loc":{"start":{"line":42,"column":34},"end":{"line":44,"column":1}},"line":42},"3":{"name":"commonAfterEach","decl":{"start":{"line":46,"column":15},"end":{"line":46,"column":30}},"loc":{"start":{"line":46,"column":33},"end":{"line":48,"column":1}},"line":46},"4":{"name":"commonAfterAll","decl":{"start":{"line":50,"column":15},"end":{"line":50,"column":29}},"loc":{"start":{"line":50,"column":32},"end":{"line":52,"column":1}},"line":50}},"branchMap":{},"s":{"0":3,"1":3,"2":3,"3":3,"4":3,"5":3,"6":3,"7":3,"8":3,"9":3,"10":9,"11":44,"12":44,"13":3,"14":3},"f":{"0":3,"1":9,"2":44,"3":44,"4":3},"b":{},"_coverageSchema":"1a1c01bbd47fc00a2c39e90264f33305004495a9","hash":"61992f8d75a6a9095c4e17f2fb5361798c442659"}
,"/home/jess/springboard/node/express-jobly/models/company.js": {"path":"/home/jess/springboard/node/express-jobly/models/company.js","statementMap":{"0":{"start":{"line":3,"column":11},"end":{"line":3,"column":27}},"1":{"start":{"line":4,"column":43},"end":{"line":4,"column":69}},"2":{"start":{"line":5,"column":32},"end":{"line":5,"column":57}},"3":{"start":{"line":20,"column":25},"end":{"line":25,"column":3}},"4":{"start":{"line":27,"column":2},"end":{"line":27,"column":88}},"5":{"start":{"line":27,"column":30},"end":{"line":27,"column":88}},"6":{"start":{"line":29,"column":17},"end":{"line":35,"column":3}},"7":{"start":{"line":36,"column":18},"end":{"line":36,"column":32}},"8":{"start":{"line":38,"column":2},"end":{"line":38,"column":17}},"9":{"start":{"line":52,"column":18},"end":{"line":57,"column":37}},"10":{"start":{"line":59,"column":17},"end":{"line":59,"column":33}},"11":{"start":{"line":61,"column":19},"end":{"line":61,"column":21}},"12":{"start":{"line":63,"column":20},"end":{"line":63,"column":22}},"13":{"start":{"line":66,"column":45},"end":{"line":66,"column":55}},"14":{"start":{"line":69,"column":2},"end":{"line":71,"column":3}},"15":{"start":{"line":70,"column":3},"end":{"line":70,"column":87}},"16":{"start":{"line":75,"column":2},"end":{"line":78,"column":3}},"17":{"start":{"line":76,"column":3},"end":{"line":76,"column":34}},"18":{"start":{"line":77,"column":3},"end":{"line":77,"column":62}},"19":{"start":{"line":82,"column":2},"end":{"line":85,"column":3}},"20":{"start":{"line":83,"column":3},"end":{"line":83,"column":34}},"21":{"start":{"line":84,"column":3},"end":{"line":84,"column":62}},"22":{"start":{"line":90,"column":2},"end":{"line":93,"column":3}},"23":{"start":{"line":91,"column":3},"end":{"line":91,"column":33}},"24":{"start":{"line":92,"column":3},"end":{"line":92,"column":56}},"25":{"start":{"line":97,"column":2},"end":{"line":101,"column":3}},"26":{"start":{"line":98,"column":3},"end":{"line":98,"column":74}},"27":{"start":{"line":100,"column":3},"end":{"line":100,"column":35}},"28":{"start":{"line":103,"column":23},"end":{"line":103,"column":60}},"29":{"start":{"line":104,"column":2},"end":{"line":104,"column":27}},"30":{"start":{"line":116,"column":21},"end":{"line":129,"column":3}},"31":{"start":{"line":131,"column":18},"end":{"line":131,"column":36}},"32":{"start":{"line":133,"column":2},"end":{"line":133,"column":65}},"33":{"start":{"line":133,"column":16},"end":{"line":133,"column":65}},"34":{"start":{"line":135,"column":2},"end":{"line":135,"column":17}},"35":{"start":{"line":151,"column":30},"end":{"line":154,"column":4}},"36":{"start":{"line":155,"column":23},"end":{"line":155,"column":48}},"37":{"start":{"line":157,"column":19},"end":{"line":164,"column":54}},"38":{"start":{"line":165,"column":17},"end":{"line":165,"column":64}},"39":{"start":{"line":166,"column":18},"end":{"line":166,"column":32}},"40":{"start":{"line":168,"column":2},"end":{"line":168,"column":65}},"41":{"start":{"line":168,"column":16},"end":{"line":168,"column":65}},"42":{"start":{"line":170,"column":2},"end":{"line":170,"column":17}},"43":{"start":{"line":179,"column":17},"end":{"line":185,"column":3}},"44":{"start":{"line":186,"column":18},"end":{"line":186,"column":32}},"45":{"start":{"line":188,"column":2},"end":{"line":188,"column":65}},"46":{"start":{"line":188,"column":16},"end":{"line":188,"column":65}},"47":{"start":{"line":192,"column":0},"end":{"line":192,"column":25}}},"fnMap":{"0":{"name":"(anonymous_0)","decl":{"start":{"line":19,"column":1},"end":{"line":19,"column":2}},"loc":{"start":{"line":19,"column":75},"end":{"line":39,"column":2}},"line":19},"1":{"name":"(anonymous_1)","decl":{"start":{"line":50,"column":1},"end":{"line":50,"column":2}},"loc":{"start":{"line":50,"column":39},"end":{"line":105,"column":2}},"line":50},"2":{"name":"(anonymous_2)","decl":{"start":{"line":115,"column":1},"end":{"line":115,"column":2}},"loc":{"start":{"line":115,"column":26},"end":{"line":136,"column":2}},"line":115},"3":{"name":"(anonymous_3)","decl":{"start":{"line":150,"column":1},"end":{"line":150,"column":2}},"loc":{"start":{"line":150,"column":35},"end":{"line":171,"column":2}},"line":150},"4":{"name":"(anonymous_4)","decl":{"start":{"line":178,"column":1},"end":{"line":178,"column":2}},"loc":{"start":{"line":178,"column":29},"end":{"line":189,"column":2}},"line":178}},"branchMap":{"0":{"loc":{"start":{"line":27,"column":2},"end":{"line":27,"column":88}},"type":"if","locations":[{"start":{"line":27,"column":2},"end":{"line":27,"column":88}},{"start":{},"end":{}}],"line":27},"1":{"loc":{"start":{"line":50,"column":22},"end":{"line":50,"column":37}},"type":"default-arg","locations":[{"start":{"line":50,"column":35},"end":{"line":50,"column":37}}],"line":50},"2":{"loc":{"start":{"line":69,"column":2},"end":{"line":71,"column":3}},"type":"if","locations":[{"start":{"line":69,"column":2},"end":{"line":71,"column":3}},{"start":{},"end":{}}],"line":69},"3":{"loc":{"start":{"line":75,"column":2},"end":{"line":78,"column":3}},"type":"if","locations":[{"start":{"line":75,"column":2},"end":{"line":78,"column":3}},{"start":{},"end":{}}],"line":75},"4":{"loc":{"start":{"line":82,"column":2},"end":{"line":85,"column":3}},"type":"if","locations":[{"start":{"line":82,"column":2},"end":{"line":85,"column":3}},{"start":{},"end":{}}],"line":82},"5":{"loc":{"start":{"line":90,"column":2},"end":{"line":93,"column":3}},"type":"if","locations":[{"start":{"line":90,"column":2},"end":{"line":93,"column":3}},{"start":{},"end":{}}],"line":90},"6":{"loc":{"start":{"line":97,"column":2},"end":{"line":101,"column":3}},"type":"if","locations":[{"start":{"line":97,"column":2},"end":{"line":101,"column":3}},{"start":{"line":99,"column":9},"end":{"line":101,"column":3}}],"line":97},"7":{"loc":{"start":{"line":133,"column":2},"end":{"line":133,"column":65}},"type":"if","locations":[{"start":{"line":133,"column":2},"end":{"line":133,"column":65}},{"start":{},"end":{}}],"line":133},"8":{"loc":{"start":{"line":168,"column":2},"end":{"line":168,"column":65}},"type":"if","locations":[{"start":{"line":168,"column":2},"end":{"line":168,"column":65}},{"start":{},"end":{}}],"line":168},"9":{"loc":{"start":{"line":188,"column":2},"end":{"line":188,"column":65}},"type":"if","locations":[{"start":{"line":188,"column":2},"end":{"line":188,"column":65}},{"start":{},"end":{}}],"line":188}},"s":{"0":6,"1":6,"2":6,"3":16,"4":16,"5":1,"6":15,"7":15,"8":15,"9":11,"10":11,"11":11,"12":11,"13":11,"14":11,"15":0,"16":11,"17":3,"18":3,"19":11,"20":4,"21":4,"22":11,"23":5,"24":5,"25":11,"26":8,"27":3,"28":11,"29":10,"30":5,"31":5,"32":5,"33":2,"34":3,"35":6,"36":5,"37":5,"38":5,"39":5,"40":5,"41":2,"42":3,"43":4,"44":4,"45":4,"46":2,"47":6},"f":{"0":16,"1":11,"2":5,"3":6,"4":4},"b":{"0":[1,15],"1":[1],"2":[0,11],"3":[3,8],"4":[4,7],"5":[5,6],"6":[8,3],"7":[2,3],"8":[2,3],"9":[2,2]},"_coverageSchema":"1a1c01bbd47fc00a2c39e90264f33305004495a9","hash":"1134213fab0c5215e3060b067857c5a32643a1bd"}
,"/home/jess/springboard/node/express-jobly/models/job.js": {"path":"/home/jess/springboard/node/express-jobly/models/job.js","statementMap":{"0":{"start":{"line":3,"column":11},"end":{"line":3,"column":27}},"1":{"start":{"line":4,"column":43},"end":{"line":4,"column":69}},"2":{"start":{"line":5,"column":32},"end":{"line":5,"column":57}},"3":{"start":{"line":16,"column":49},"end":{"line":16,"column":53}},"4":{"start":{"line":17,"column":17},"end":{"line":22,"column":3}},"5":{"start":{"line":23,"column":14},"end":{"line":23,"column":28}},"6":{"start":{"line":24,"column":2},"end":{"line":24,"column":13}},"7":{"start":{"line":34,"column":18},"end":{"line":41,"column":76}},"8":{"start":{"line":43,"column":17},"end":{"line":43,"column":34}},"9":{"start":{"line":45,"column":19},"end":{"line":45,"column":21}},"10":{"start":{"line":47,"column":20},"end":{"line":47,"column":22}},"11":{"start":{"line":50,"column":40},"end":{"line":50,"column":50}},"12":{"start":{"line":53,"column":2},"end":{"line":55,"column":3}},"13":{"start":{"line":54,"column":3},"end":{"line":54,"column":33}},"14":{"start":{"line":59,"column":2},"end":{"line":62,"column":3}},"15":{"start":{"line":60,"column":3},"end":{"line":60,"column":34}},"16":{"start":{"line":61,"column":3},"end":{"line":61,"column":57}},"17":{"start":{"line":66,"column":2},"end":{"line":69,"column":3}},"18":{"start":{"line":67,"column":3},"end":{"line":67,"column":31}},"19":{"start":{"line":68,"column":3},"end":{"line":68,"column":55}},"20":{"start":{"line":73,"column":2},"end":{"line":77,"column":3}},"21":{"start":{"line":74,"column":3},"end":{"line":74,"column":74}},"22":{"start":{"line":76,"column":3},"end":{"line":76,"column":35}},"23":{"start":{"line":79,"column":18},"end":{"line":79,"column":55}},"24":{"start":{"line":80,"column":2},"end":{"line":80,"column":22}},"25":{"start":{"line":85,"column":17},"end":{"line":88,"column":3}},"26":{"start":{"line":89,"column":14},"end":{"line":89,"column":28}},"27":{"start":{"line":90,"column":2},"end":{"line":92,"column":3}},"28":{"start":{"line":91,"column":3},"end":{"line":91,"column":68}},"29":{"start":{"line":95,"column":21},"end":{"line":104,"column":3}},"30":{"start":{"line":107,"column":2},"end":{"line":107,"column":27}},"31":{"start":{"line":108,"column":2},"end":{"line":108,"column":41}},"32":{"start":{"line":110,"column":2},"end":{"line":110,"column":13}},"33":{"start":{"line":119,"column":30},"end":{"line":119,"column":59}},"34":{"start":{"line":120,"column":16},"end":{"line":120,"column":41}},"35":{"start":{"line":121,"column":16},"end":{"line":121,"column":133}},"36":{"start":{"line":122,"column":18},"end":{"line":122,"column":58}},"37":{"start":{"line":123,"column":14},"end":{"line":123,"column":29}},"38":{"start":{"line":125,"column":2},"end":{"line":127,"column":3}},"39":{"start":{"line":126,"column":3},"end":{"line":126,"column":68}},"40":{"start":{"line":128,"column":2},"end":{"line":128,"column":13}},"41":{"start":{"line":135,"column":17},"end":{"line":141,"column":3}},"42":{"start":{"line":142,"column":14},"end":{"line":142,"column":28}},"43":{"start":{"line":144,"column":2},"end":{"line":144,"column":77}},"44":{"start":{"line":144,"column":12},"end":{"line":144,"column":77}},"45":{"start":{"line":148,"column":0},"end":{"line":148,"column":21}}},"fnMap":{"0":{"name":"(anonymous_0)","decl":{"start":{"line":15,"column":1},"end":{"line":15,"column":2}},"loc":{"start":{"line":15,"column":27},"end":{"line":25,"column":2}},"line":15},"1":{"name":"(anonymous_1)","decl":{"start":{"line":33,"column":1},"end":{"line":33,"column":2}},"loc":{"start":{"line":33,"column":39},"end":{"line":81,"column":2}},"line":33},"2":{"name":"(anonymous_2)","decl":{"start":{"line":84,"column":1},"end":{"line":84,"column":2}},"loc":{"start":{"line":84,"column":22},"end":{"line":111,"column":2}},"line":84},"3":{"name":"(anonymous_3)","decl":{"start":{"line":118,"column":1},"end":{"line":118,"column":2}},"loc":{"start":{"line":118,"column":31},"end":{"line":129,"column":2}},"line":118},"4":{"name":"(anonymous_4)","decl":{"start":{"line":134,"column":1},"end":{"line":134,"column":2}},"loc":{"start":{"line":134,"column":25},"end":{"line":145,"column":2}},"line":134}},"branchMap":{"0":{"loc":{"start":{"line":33,"column":22},"end":{"line":33,"column":37}},"type":"default-arg","locations":[{"start":{"line":33,"column":35},"end":{"line":33,"column":37}}],"line":33},"1":{"loc":{"start":{"line":53,"column":2},"end":{"line":55,"column":3}},"type":"if","locations":[{"start":{"line":53,"column":2},"end":{"line":55,"column":3}},{"start":{},"end":{}}],"line":53},"2":{"loc":{"start":{"line":59,"column":2},"end":{"line":62,"column":3}},"type":"if","locations":[{"start":{"line":59,"column":2},"end":{"line":62,"column":3}},{"start":{},"end":{}}],"line":59},"3":{"loc":{"start":{"line":66,"column":2},"end":{"line":69,"column":3}},"type":"if","locations":[{"start":{"line":66,"column":2},"end":{"line":69,"column":3}},{"start":{},"end":{}}],"line":66},"4":{"loc":{"start":{"line":73,"column":2},"end":{"line":77,"column":3}},"type":"if","locations":[{"start":{"line":73,"column":2},"end":{"line":77,"column":3}},{"start":{"line":75,"column":9},"end":{"line":77,"column":3}}],"line":73},"5":{"loc":{"start":{"line":90,"column":2},"end":{"line":92,"column":3}},"type":"if","locations":[{"start":{"line":90,"column":2},"end":{"line":92,"column":3}},{"start":{},"end":{}}],"line":90},"6":{"loc":{"start":{"line":125,"column":2},"end":{"line":127,"column":3}},"type":"if","locations":[{"start":{"line":125,"column":2},"end":{"line":127,"column":3}},{"start":{},"end":{}}],"line":125},"7":{"loc":{"start":{"line":144,"column":2},"end":{"line":144,"column":77}},"type":"if","locations":[{"start":{"line":144,"column":2},"end":{"line":144,"column":77}},{"start":{},"end":{}}],"line":144}},"s":{"0":6,"1":6,"2":6,"3":14,"4":14,"5":14,"6":14,"7":9,"8":9,"9":9,"10":9,"11":9,"12":9,"13":2,"14":9,"15":4,"16":4,"17":9,"18":2,"19":2,"20":9,"21":6,"22":3,"23":9,"24":8,"25":4,"26":4,"27":4,"28":2,"29":2,"30":2,"31":2,"32":2,"33":4,"34":4,"35":4,"36":4,"37":4,"38":4,"39":2,"40":2,"41":4,"42":4,"43":4,"44":2,"45":6},"f":{"0":14,"1":9,"2":4,"3":4,"4":4},"b":{"0":[1],"1":[2,7],"2":[4,5],"3":[2,7],"4":[6,3],"5":[2,2],"6":[2,2],"7":[2,2]},"_coverageSchema":"1a1c01bbd47fc00a2c39e90264f33305004495a9","hash":"e6330abc8d271d46d0ef501c9c6a84b207c148a0"}
,"/home/jess/springboard/node/express-jobly/models/user.js": {"path":"/home/jess/springboard/node/express-jobly/models/user.js","statementMap":{"0":{"start":{"line":3,"column":11},"end":{"line":3,"column":27}},"1":{"start":{"line":4,"column":15},"end":{"line":4,"column":32}},"2":{"start":{"line":5,"column":32},"end":{"line":5,"column":57}},"3":{"start":{"line":6,"column":62},"end":{"line":6,"column":88}},"4":{"start":{"line":8,"column":31},"end":{"line":8,"column":54}},"5":{"start":{"line":22,"column":17},"end":{"line":32,"column":3}},"6":{"start":{"line":34,"column":15},"end":{"line":34,"column":29}},"7":{"start":{"line":36,"column":2},"end":{"line":43,"column":3}},"8":{"start":{"line":38,"column":19},"end":{"line":38,"column":64}},"9":{"start":{"line":39,"column":3},"end":{"line":42,"column":4}},"10":{"start":{"line":40,"column":4},"end":{"line":40,"column":25}},"11":{"start":{"line":41,"column":4},"end":{"line":41,"column":16}},"12":{"start":{"line":45,"column":2},"end":{"line":45,"column":59}},"13":{"start":{"line":56,"column":25},"end":{"line":61,"column":3}},"14":{"start":{"line":63,"column":2},"end":{"line":65,"column":3}},"15":{"start":{"line":64,"column":3},"end":{"line":64,"column":64}},"16":{"start":{"line":67,"column":25},"end":{"line":67,"column":72}},"17":{"start":{"line":69,"column":17},"end":{"line":80,"column":3}},"18":{"start":{"line":82,"column":15},"end":{"line":82,"column":29}},"19":{"start":{"line":84,"column":2},"end":{"line":84,"column":14}},"20":{"start":{"line":93,"column":17},"end":{"line":101,"column":3}},"21":{"start":{"line":103,"column":2},"end":{"line":103,"column":21}},"22":{"start":{"line":115,"column":18},"end":{"line":124,"column":3}},"23":{"start":{"line":126,"column":15},"end":{"line":126,"column":30}},"24":{"start":{"line":128,"column":2},"end":{"line":128,"column":61}},"25":{"start":{"line":128,"column":13},"end":{"line":128,"column":61}},"26":{"start":{"line":130,"column":2},"end":{"line":130,"column":14}},"27":{"start":{"line":151,"column":2},"end":{"line":153,"column":3}},"28":{"start":{"line":152,"column":3},"end":{"line":152,"column":72}},"29":{"start":{"line":155,"column":30},"end":{"line":159,"column":4}},"30":{"start":{"line":160,"column":25},"end":{"line":160,"column":50}},"31":{"start":{"line":162,"column":19},"end":{"line":169,"column":54}},"32":{"start":{"line":170,"column":17},"end":{"line":170,"column":66}},"33":{"start":{"line":171,"column":15},"end":{"line":171,"column":29}},"34":{"start":{"line":173,"column":2},"end":{"line":173,"column":61}},"35":{"start":{"line":173,"column":13},"end":{"line":173,"column":61}},"36":{"start":{"line":175,"column":2},"end":{"line":175,"column":23}},"37":{"start":{"line":176,"column":2},"end":{"line":176,"column":14}},"38":{"start":{"line":182,"column":15},"end":{"line":188,"column":3}},"39":{"start":{"line":189,"column":15},"end":{"line":189,"column":29}},"40":{"start":{"line":191,"column":2},"end":{"line":191,"column":61}},"41":{"start":{"line":191,"column":13},"end":{"line":191,"column":61}},"42":{"start":{"line":195,"column":0},"end":{"line":195,"column":22}}},"fnMap":{"0":{"name":"(anonymous_0)","decl":{"start":{"line":20,"column":1},"end":{"line":20,"column":2}},"loc":{"start":{"line":20,"column":47},"end":{"line":46,"column":2}},"line":20},"1":{"name":"(anonymous_1)","decl":{"start":{"line":55,"column":1},"end":{"line":55,"column":2}},"loc":{"start":{"line":55,"column":84},"end":{"line":85,"column":2}},"line":55},"2":{"name":"(anonymous_2)","decl":{"start":{"line":92,"column":1},"end":{"line":92,"column":2}},"loc":{"start":{"line":92,"column":24},"end":{"line":104,"column":2}},"line":92},"3":{"name":"(anonymous_3)","decl":{"start":{"line":114,"column":1},"end":{"line":114,"column":2}},"loc":{"start":{"line":114,"column":28},"end":{"line":131,"column":2}},"line":114},"4":{"name":"(anonymous_4)","decl":{"start":{"line":150,"column":1},"end":{"line":150,"column":2}},"loc":{"start":{"line":150,"column":37},"end":{"line":177,"column":2}},"line":150},"5":{"name":"(anonymous_5)","decl":{"start":{"line":181,"column":1},"end":{"line":181,"column":2}},"loc":{"start":{"line":181,"column":31},"end":{"line":192,"column":2}},"line":181}},"branchMap":{"0":{"loc":{"start":{"line":36,"column":2},"end":{"line":43,"column":3}},"type":"if","locations":[{"start":{"line":36,"column":2},"end":{"line":43,"column":3}},{"start":{},"end":{}}],"line":36},"1":{"loc":{"start":{"line":39,"column":3},"end":{"line":42,"column":4}},"type":"if","locations":[{"start":{"line":39,"column":3},"end":{"line":42,"column":4}},{"start":{},"end":{}}],"line":39},"2":{"loc":{"start":{"line":63,"column":2},"end":{"line":65,"column":3}},"type":"if","locations":[{"start":{"line":63,"column":2},"end":{"line":65,"column":3}},{"start":{},"end":{}}],"line":63},"3":{"loc":{"start":{"line":128,"column":2},"end":{"line":128,"column":61}},"type":"if","locations":[{"start":{"line":128,"column":2},"end":{"line":128,"column":61}},{"start":{},"end":{}}],"line":128},"4":{"loc":{"start":{"line":151,"column":2},"end":{"line":153,"column":3}},"type":"if","locations":[{"start":{"line":151,"column":2},"end":{"line":153,"column":3}},{"start":{},"end":{}}],"line":151},"5":{"loc":{"start":{"line":173,"column":2},"end":{"line":173,"column":61}},"type":"if","locations":[{"start":{"line":173,"column":2},"end":{"line":173,"column":61}},{"start":{},"end":{}}],"line":173},"6":{"loc":{"start":{"line":191,"column":2},"end":{"line":191,"column":61}},"type":"if","locations":[{"start":{"line":191,"column":2},"end":{"line":191,"column":61}},{"start":{},"end":{}}],"line":191}},"s":{"0":6,"1":6,"2":6,"3":6,"4":6,"5":7,"6":7,"7":7,"8":4,"9":4,"10":3,"11":3,"12":4,"13":19,"14":19,"15":1,"16":18,"17":18,"18":18,"19":18,"20":3,"21":2,"22":5,"23":5,"24":5,"25":2,"26":3,"27":8,"28":2,"29":8,"30":7,"31":7,"32":7,"33":7,"34":7,"35":2,"36":5,"37":5,"38":5,"39":5,"40":5,"41":2,"42":6},"f":{"0":7,"1":19,"2":3,"3":5,"4":8,"5":5},"b":{"0":[4,3],"1":[3,1],"2":[1,18],"3":[2,3],"4":[2,6],"5":[2,5],"6":[2,3]},"_coverageSchema":"1a1c01bbd47fc00a2c39e90264f33305004495a9","hash":"75fb49e1e3eb468ac596ca1deb248f5b6484f4a3"}
,"/home/jess/springboard/node/express-jobly/routes/_testCommon.js": {"path":"/home/jess/springboard/node/express-jobly/routes/_testCommon.js","statementMap":{"0":{"start":{"line":3,"column":11},"end":{"line":3,"column":30}},"1":{"start":{"line":4,"column":13},"end":{"line":4,"column":38}},"2":{"start":{"line":5,"column":16},"end":{"line":5,"column":44}},"3":{"start":{"line":6,"column":12},"end":{"line":6,"column":36}},"4":{"start":{"line":7,"column":24},"end":{"line":7,"column":52}},"5":{"start":{"line":9,"column":17},"end":{"line":9,"column":19}},"6":{"start":{"line":13,"column":1},"end":{"line":13,"column":37}},"7":{"start":{"line":15,"column":1},"end":{"line":15,"column":41}},"8":{"start":{"line":17,"column":1},"end":{"line":23,"column":4}},"9":{"start":{"line":24,"column":1},"end":{"line":30,"column":4}},"10":{"start":{"line":31,"column":1},"end":{"line":37,"column":4}},"11":{"start":{"line":39,"column":1},"end":{"line":46,"column":4}},"12":{"start":{"line":47,"column":1},"end":{"line":54,"column":4}},"13":{"start":{"line":55,"column":1},"end":{"line":62,"column":4}},"14":{"start":{"line":64,"column":1},"end":{"line":64,"column":103}},"15":{"start":{"line":65,"column":1},"end":{"line":65,"column":103}},"16":{"start":{"line":66,"column":1},"end":{"line":66,"column":106}},"17":{"start":{"line":70,"column":1},"end":{"line":70,"column":25}},"18":{"start":{"line":74,"column":1},"end":{"line":74,"column":28}},"19":{"start":{"line":78,"column":1},"end":{"line":78,"column":16}},"20":{"start":{"line":81,"column":16},"end":{"line":81,"column":63}},"21":{"start":{"line":82,"column":19},"end":{"line":82,"column":68}},"22":{"start":{"line":84,"column":0},"end":{"line":92,"column":2}}},"fnMap":{"0":{"name":"commonBeforeAll","decl":{"start":{"line":11,"column":15},"end":{"line":11,"column":30}},"loc":{"start":{"line":11,"column":33},"end":{"line":67,"column":1}},"line":11},"1":{"name":"commonBeforeEach","decl":{"start":{"line":69,"column":15},"end":{"line":69,"column":31}},"loc":{"start":{"line":69,"column":34},"end":{"line":71,"column":1}},"line":69},"2":{"name":"commonAfterEach","decl":{"start":{"line":73,"column":15},"end":{"line":73,"column":30}},"loc":{"start":{"line":73,"column":33},"end":{"line":75,"column":1}},"line":73},"3":{"name":"commonAfterAll","decl":{"start":{"line":77,"column":15},"end":{"line":77,"column":29}},"loc":{"start":{"line":77,"column":32},"end":{"line":79,"column":1}},"line":77}},"branchMap":{},"s":{"0":4,"1":4,"2":4,"3":4,"4":4,"5":4,"6":4,"7":4,"8":4,"9":4,"10":4,"11":4,"12":4,"13":4,"14":4,"15":4,"16":4,"17":77,"18":77,"19":4,"20":4,"21":4,"22":4},"f":{"0":4,"1":77,"2":77,"3":4},"b":{},"_coverageSchema":"1a1c01bbd47fc00a2c39e90264f33305004495a9","hash":"b06d9547db006d6c97d4cc18a1d89adeb17a827a"}
,"/home/jess/springboard/node/express-jobly/routes/auth.js": {"path":"/home/jess/springboard/node/express-jobly/routes/auth.js","statementMap":{"0":{"start":{"line":5,"column":19},"end":{"line":5,"column":40}},"1":{"start":{"line":7,"column":13},"end":{"line":7,"column":38}},"2":{"start":{"line":8,"column":16},"end":{"line":8,"column":34}},"3":{"start":{"line":9,"column":15},"end":{"line":9,"column":35}},"4":{"start":{"line":10,"column":24},"end":{"line":10,"column":52}},"5":{"start":{"line":11,"column":23},"end":{"line":11,"column":58}},"6":{"start":{"line":12,"column":27},"end":{"line":12,"column":66}},"7":{"start":{"line":13,"column":28},"end":{"line":13,"column":54}},"8":{"start":{"line":22,"column":0},"end":{"line":37,"column":3}},"9":{"start":{"line":23,"column":2},"end":{"line":36,"column":3}},"10":{"start":{"line":24,"column":22},"end":{"line":24,"column":67}},"11":{"start":{"line":25,"column":4},"end":{"line":28,"column":5}},"12":{"start":{"line":26,"column":19},"end":{"line":26,"column":53}},"13":{"start":{"line":26,"column":45},"end":{"line":26,"column":52}},"14":{"start":{"line":27,"column":6},"end":{"line":27,"column":38}},"15":{"start":{"line":30,"column":35},"end":{"line":30,"column":43}},"16":{"start":{"line":31,"column":17},"end":{"line":31,"column":60}},"17":{"start":{"line":32,"column":18},"end":{"line":32,"column":35}},"18":{"start":{"line":33,"column":4},"end":{"line":33,"column":31}},"19":{"start":{"line":35,"column":4},"end":{"line":35,"column":21}},"20":{"start":{"line":49,"column":0},"end":{"line":63,"column":3}},"21":{"start":{"line":50,"column":2},"end":{"line":62,"column":3}},"22":{"start":{"line":51,"column":22},"end":{"line":51,"column":71}},"23":{"start":{"line":52,"column":4},"end":{"line":55,"column":5}},"24":{"start":{"line":53,"column":19},"end":{"line":53,"column":53}},"25":{"start":{"line":53,"column":45},"end":{"line":53,"column":52}},"26":{"start":{"line":54,"column":6},"end":{"line":54,"column":38}},"27":{"start":{"line":57,"column":20},"end":{"line":57,"column":72}},"28":{"start":{"line":58,"column":18},"end":{"line":58,"column":38}},"29":{"start":{"line":59,"column":4},"end":{"line":59,"column":43}},"30":{"start":{"line":61,"column":4},"end":{"line":61,"column":21}},"31":{"start":{"line":66,"column":0},"end":{"line":66,"column":24}}},"fnMap":{"0":{"name":"(anonymous_0)","decl":{"start":{"line":22,"column":22},"end":{"line":22,"column":23}},"loc":{"start":{"line":22,"column":54},"end":{"line":37,"column":1}},"line":22},"1":{"name":"(anonymous_1)","decl":{"start":{"line":26,"column":40},"end":{"line":26,"column":41}},"loc":{"start":{"line":26,"column":45},"end":{"line":26,"column":52}},"line":26},"2":{"name":"(anonymous_2)","decl":{"start":{"line":49,"column":25},"end":{"line":49,"column":26}},"loc":{"start":{"line":49,"column":57},"end":{"line":63,"column":1}},"line":49},"3":{"name":"(anonymous_3)","decl":{"start":{"line":53,"column":40},"end":{"line":53,"column":41}},"loc":{"start":{"line":53,"column":45},"end":{"line":53,"column":52}},"line":53}},"branchMap":{"0":{"loc":{"start":{"line":25,"column":4},"end":{"line":28,"column":5}},"type":"if","locations":[{"start":{"line":25,"column":4},"end":{"line":28,"column":5}},{"start":{},"end":{}}],"line":25},"1":{"loc":{"start":{"line":52,"column":4},"end":{"line":55,"column":5}},"type":"if","locations":[{"start":{"line":52,"column":4},"end":{"line":55,"column":5}},{"start":{},"end":{}}],"line":52}},"s":{"0":5,"1":5,"2":5,"3":5,"4":5,"5":5,"6":5,"7":5,"8":5,"9":5,"10":5,"11":5,"12":2,"13":2,"14":2,"15":3,"16":3,"17":1,"18":1,"19":4,"20":5,"21":3,"22":3,"23":3,"24":2,"25":5,"26":2,"27":1,"28":1,"29":1,"30":2,"31":5},"f":{"0":5,"1":2,"2":3,"3":5},"b":{"0":[2,3],"1":[2,1]},"_coverageSchema":"1a1c01bbd47fc00a2c39e90264f33305004495a9","hash":"775117a1318d4e024dbc39043835f0df6948e596"}
,"/home/jess/springboard/node/express-jobly/routes/companies.js": {"path":"/home/jess/springboard/node/express-jobly/routes/companies.js","statementMap":{"0":{"start":{"line":5,"column":19},"end":{"line":5,"column":40}},"1":{"start":{"line":6,"column":16},"end":{"line":6,"column":34}},"2":{"start":{"line":8,"column":28},"end":{"line":8,"column":54}},"3":{"start":{"line":9,"column":46},"end":{"line":9,"column":75}},"4":{"start":{"line":10,"column":16},"end":{"line":10,"column":44}},"5":{"start":{"line":12,"column":25},"end":{"line":12,"column":62}},"6":{"start":{"line":13,"column":28},"end":{"line":13,"column":68}},"7":{"start":{"line":14,"column":28},"end":{"line":14,"column":68}},"8":{"start":{"line":16,"column":15},"end":{"line":16,"column":35}},"9":{"start":{"line":27,"column":0},"end":{"line":40,"column":3}},"10":{"start":{"line":28,"column":1},"end":{"line":39,"column":2}},"11":{"start":{"line":29,"column":20},"end":{"line":29,"column":67}},"12":{"start":{"line":30,"column":2},"end":{"line":33,"column":3}},"13":{"start":{"line":31,"column":16},"end":{"line":31,"column":52}},"14":{"start":{"line":31,"column":44},"end":{"line":31,"column":51}},"15":{"start":{"line":32,"column":3},"end":{"line":32,"column":35}},"16":{"start":{"line":35,"column":18},"end":{"line":35,"column":48}},"17":{"start":{"line":36,"column":2},"end":{"line":36,"column":43}},"18":{"start":{"line":38,"column":2},"end":{"line":38,"column":19}},"19":{"start":{"line":53,"column":0},"end":{"line":76,"column":3}},"20":{"start":{"line":55,"column":13},"end":{"line":55,"column":22}},"21":{"start":{"line":56,"column":1},"end":{"line":58,"column":2}},"22":{"start":{"line":57,"column":2},"end":{"line":57,"column":52}},"23":{"start":{"line":59,"column":1},"end":{"line":61,"column":2}},"24":{"start":{"line":60,"column":2},"end":{"line":60,"column":52}},"25":{"start":{"line":64,"column":1},"end":{"line":75,"column":2}},"26":{"start":{"line":65,"column":20},"end":{"line":65,"column":67}},"27":{"start":{"line":66,"column":2},"end":{"line":69,"column":3}},"28":{"start":{"line":67,"column":16},"end":{"line":67,"column":52}},"29":{"start":{"line":67,"column":44},"end":{"line":67,"column":51}},"30":{"start":{"line":68,"column":3},"end":{"line":68,"column":35}},"31":{"start":{"line":71,"column":20},"end":{"line":71,"column":48}},"32":{"start":{"line":72,"column":2},"end":{"line":72,"column":33}},"33":{"start":{"line":74,"column":2},"end":{"line":74,"column":19}},"34":{"start":{"line":86,"column":0},"end":{"line":93,"column":3}},"35":{"start":{"line":87,"column":1},"end":{"line":92,"column":2}},"36":{"start":{"line":88,"column":18},"end":{"line":88,"column":54}},"37":{"start":{"line":89,"column":2},"end":{"line":89,"column":31}},"38":{"start":{"line":91,"column":2},"end":{"line":91,"column":19}},"39":{"start":{"line":106,"column":0},"end":{"line":119,"column":3}},"40":{"start":{"line":107,"column":1},"end":{"line":118,"column":2}},"41":{"start":{"line":108,"column":20},"end":{"line":108,"column":70}},"42":{"start":{"line":109,"column":2},"end":{"line":112,"column":3}},"43":{"start":{"line":110,"column":16},"end":{"line":110,"column":52}},"44":{"start":{"line":110,"column":44},"end":{"line":110,"column":51}},"45":{"start":{"line":111,"column":3},"end":{"line":111,"column":35}},"46":{"start":{"line":114,"column":18},"end":{"line":114,"column":67}},"47":{"start":{"line":115,"column":2},"end":{"line":115,"column":31}},"48":{"start":{"line":117,"column":2},"end":{"line":117,"column":19}},"49":{"start":{"line":126,"column":0},"end":{"line":133,"column":3}},"50":{"start":{"line":127,"column":1},"end":{"line":132,"column":2}},"51":{"start":{"line":128,"column":2},"end":{"line":128,"column":42}},"52":{"start":{"line":129,"column":2},"end":{"line":129,"column":50}},"53":{"start":{"line":131,"column":2},"end":{"line":131,"column":19}},"54":{"start":{"line":135,"column":0},"end":{"line":135,"column":24}}},"fnMap":{"0":{"name":"(anonymous_0)","decl":{"start":{"line":27,"column":52},"end":{"line":27,"column":53}},"loc":{"start":{"line":27,"column":83},"end":{"line":40,"column":1}},"line":27},"1":{"name":"(anonymous_1)","decl":{"start":{"line":31,"column":37},"end":{"line":31,"column":38}},"loc":{"start":{"line":31,"column":44},"end":{"line":31,"column":51}},"line":31},"2":{"name":"(anonymous_2)","decl":{"start":{"line":53,"column":16},"end":{"line":53,"column":17}},"loc":{"start":{"line":53,"column":47},"end":{"line":76,"column":1}},"line":53},"3":{"name":"(anonymous_3)","decl":{"start":{"line":67,"column":37},"end":{"line":67,"column":38}},"loc":{"start":{"line":67,"column":44},"end":{"line":67,"column":51}},"line":67},"4":{"name":"(anonymous_4)","decl":{"start":{"line":86,"column":23},"end":{"line":86,"column":24}},"loc":{"start":{"line":86,"column":54},"end":{"line":93,"column":1}},"line":86},"5":{"name":"(anonymous_5)","decl":{"start":{"line":106,"column":60},"end":{"line":106,"column":61}},"loc":{"start":{"line":106,"column":91},"end":{"line":119,"column":1}},"line":106},"6":{"name":"(anonymous_6)","decl":{"start":{"line":110,"column":37},"end":{"line":110,"column":38}},"loc":{"start":{"line":110,"column":44},"end":{"line":110,"column":51}},"line":110},"7":{"name":"(anonymous_7)","decl":{"start":{"line":126,"column":61},"end":{"line":126,"column":62}},"loc":{"start":{"line":126,"column":92},"end":{"line":133,"column":1}},"line":126}},"branchMap":{"0":{"loc":{"start":{"line":30,"column":2},"end":{"line":33,"column":3}},"type":"if","locations":[{"start":{"line":30,"column":2},"end":{"line":33,"column":3}},{"start":{},"end":{}}],"line":30},"1":{"loc":{"start":{"line":56,"column":1},"end":{"line":58,"column":2}},"type":"if","locations":[{"start":{"line":56,"column":1},"end":{"line":58,"column":2}},{"start":{},"end":{}}],"line":56},"2":{"loc":{"start":{"line":59,"column":1},"end":{"line":61,"column":2}},"type":"if","locations":[{"start":{"line":59,"column":1},"end":{"line":61,"column":2}},{"start":{},"end":{}}],"line":59},"3":{"loc":{"start":{"line":66,"column":2},"end":{"line":69,"column":3}},"type":"if","locations":[{"start":{"line":66,"column":2},"end":{"line":69,"column":3}},{"start":{},"end":{}}],"line":66},"4":{"loc":{"start":{"line":109,"column":2},"end":{"line":112,"column":3}},"type":"if","locations":[{"start":{"line":109,"column":2},"end":{"line":112,"column":3}},{"start":{},"end":{}}],"line":109}},"s":{"0":5,"1":5,"2":5,"3":5,"4":5,"5":5,"6":5,"7":5,"8":5,"9":5,"10":3,"11":3,"12":3,"13":2,"14":3,"15":2,"16":1,"17":1,"18":2,"19":5,"20":5,"21":5,"22":1,"23":5,"24":1,"25":5,"26":5,"27":5,"28":1,"29":1,"30":1,"31":4,"32":3,"33":2,"34":5,"35":3,"36":3,"37":2,"38":1,"39":5,"40":4,"41":4,"42":4,"43":2,"44":2,"45":2,"46":2,"47":1,"48":3,"49":5,"50":2,"51":2,"52":1,"53":1,"54":5},"f":{"0":3,"1":3,"2":5,"3":1,"4":3,"5":4,"6":2,"7":2},"b":{"0":[2,1],"1":[1,4],"2":[1,4],"3":[1,4],"4":[2,2]},"_coverageSchema":"1a1c01bbd47fc00a2c39e90264f33305004495a9","hash":"531919d54f8e60f551cbd28c46a2bc19337c2c19"}
,"/home/jess/springboard/node/express-jobly/routes/jobs.js": {"path":"/home/jess/springboard/node/express-jobly/routes/jobs.js","statementMap":{"0":{"start":{"line":5,"column":19},"end":{"line":5,"column":40}},"1":{"start":{"line":6,"column":16},"end":{"line":6,"column":34}},"2":{"start":{"line":8,"column":28},"end":{"line":8,"column":54}},"3":{"start":{"line":9,"column":46},"end":{"line":9,"column":75}},"4":{"start":{"line":10,"column":12},"end":{"line":10,"column":36}},"5":{"start":{"line":12,"column":21},"end":{"line":12,"column":54}},"6":{"start":{"line":13,"column":24},"end":{"line":13,"column":60}},"7":{"start":{"line":14,"column":24},"end":{"line":14,"column":60}},"8":{"start":{"line":16,"column":15},"end":{"line":16,"column":35}},"9":{"start":{"line":22,"column":0},"end":{"line":35,"column":3}},"10":{"start":{"line":23,"column":1},"end":{"line":34,"column":2}},"11":{"start":{"line":25,"column":20},"end":{"line":25,"column":63}},"12":{"start":{"line":26,"column":2},"end":{"line":29,"column":3}},"13":{"start":{"line":27,"column":16},"end":{"line":27,"column":52}},"14":{"start":{"line":27,"column":44},"end":{"line":27,"column":51}},"15":{"start":{"line":28,"column":3},"end":{"line":28,"column":35}},"16":{"start":{"line":30,"column":14},"end":{"line":30,"column":40}},"17":{"start":{"line":31,"column":2},"end":{"line":31,"column":39}},"18":{"start":{"line":33,"column":2},"end":{"line":33,"column":17}},"19":{"start":{"line":41,"column":0},"end":{"line":60,"column":3}},"20":{"start":{"line":42,"column":1},"end":{"line":59,"column":2}},"21":{"start":{"line":44,"column":14},"end":{"line":44,"column":23}},"22":{"start":{"line":45,"column":2},"end":{"line":47,"column":3}},"23":{"start":{"line":46,"column":3},"end":{"line":46,"column":47}},"24":{"start":{"line":48,"column":2},"end":{"line":48,"column":84}},"25":{"start":{"line":50,"column":20},"end":{"line":50,"column":63}},"26":{"start":{"line":51,"column":2},"end":{"line":54,"column":3}},"27":{"start":{"line":52,"column":16},"end":{"line":52,"column":52}},"28":{"start":{"line":52,"column":44},"end":{"line":52,"column":51}},"29":{"start":{"line":53,"column":3},"end":{"line":53,"column":35}},"30":{"start":{"line":55,"column":15},"end":{"line":55,"column":39}},"31":{"start":{"line":56,"column":2},"end":{"line":56,"column":28}},"32":{"start":{"line":58,"column":2},"end":{"line":58,"column":17}},"33":{"start":{"line":66,"column":0},"end":{"line":73,"column":3}},"34":{"start":{"line":67,"column":1},"end":{"line":72,"column":2}},"35":{"start":{"line":68,"column":14},"end":{"line":68,"column":42}},"36":{"start":{"line":69,"column":2},"end":{"line":69,"column":20}},"37":{"start":{"line":71,"column":2},"end":{"line":71,"column":17}},"38":{"start":{"line":79,"column":0},"end":{"line":91,"column":3}},"39":{"start":{"line":80,"column":1},"end":{"line":90,"column":2}},"40":{"start":{"line":81,"column":20},"end":{"line":81,"column":66}},"41":{"start":{"line":82,"column":2},"end":{"line":85,"column":3}},"42":{"start":{"line":83,"column":16},"end":{"line":83,"column":52}},"43":{"start":{"line":83,"column":44},"end":{"line":83,"column":51}},"44":{"start":{"line":84,"column":3},"end":{"line":84,"column":35}},"45":{"start":{"line":86,"column":14},"end":{"line":86,"column":55}},"46":{"start":{"line":87,"column":2},"end":{"line":87,"column":20}},"47":{"start":{"line":89,"column":2},"end":{"line":89,"column":17}},"48":{"start":{"line":97,"column":0},"end":{"line":104,"column":3}},"49":{"start":{"line":98,"column":1},"end":{"line":103,"column":2}},"50":{"start":{"line":99,"column":2},"end":{"line":99,"column":34}},"51":{"start":{"line":100,"column":2},"end":{"line":100,"column":46}},"52":{"start":{"line":102,"column":2},"end":{"line":102,"column":17}},"53":{"start":{"line":106,"column":0},"end":{"line":106,"column":24}}},"fnMap":{"0":{"name":"(anonymous_0)","decl":{"start":{"line":22,"column":52},"end":{"line":22,"column":53}},"loc":{"start":{"line":22,"column":78},"end":{"line":35,"column":1}},"line":22},"1":{"name":"(anonymous_1)","decl":{"start":{"line":27,"column":37},"end":{"line":27,"column":38}},"loc":{"start":{"line":27,"column":44},"end":{"line":27,"column":51}},"line":27},"2":{"name":"(anonymous_2)","decl":{"start":{"line":41,"column":16},"end":{"line":41,"column":17}},"loc":{"start":{"line":41,"column":42},"end":{"line":60,"column":1}},"line":41},"3":{"name":"(anonymous_3)","decl":{"start":{"line":52,"column":37},"end":{"line":52,"column":38}},"loc":{"start":{"line":52,"column":44},"end":{"line":52,"column":51}},"line":52},"4":{"name":"(anonymous_4)","decl":{"start":{"line":66,"column":19},"end":{"line":66,"column":20}},"loc":{"start":{"line":66,"column":45},"end":{"line":73,"column":1}},"line":66},"5":{"name":"(anonymous_5)","decl":{"start":{"line":79,"column":56},"end":{"line":79,"column":57}},"loc":{"start":{"line":79,"column":82},"end":{"line":91,"column":1}},"line":79},"6":{"name":"(anonymous_6)","decl":{"start":{"line":83,"column":37},"end":{"line":83,"column":38}},"loc":{"start":{"line":83,"column":44},"end":{"line":83,"column":51}},"line":83},"7":{"name":"(anonymous_7)","decl":{"start":{"line":97,"column":57},"end":{"line":97,"column":58}},"loc":{"start":{"line":97,"column":83},"end":{"line":104,"column":1}},"line":97}},"branchMap":{"0":{"loc":{"start":{"line":26,"column":2},"end":{"line":29,"column":3}},"type":"if","locations":[{"start":{"line":26,"column":2},"end":{"line":29,"column":3}},{"start":{},"end":{}}],"line":26},"1":{"loc":{"start":{"line":45,"column":2},"end":{"line":47,"column":3}},"type":"if","locations":[{"start":{"line":45,"column":2},"end":{"line":47,"column":3}},{"start":{},"end":{}}],"line":45},"2":{"loc":{"start":{"line":48,"column":2},"end":{"line":48,"column":83}},"type":"cond-expr","locations":[{"start":{"line":48,"column":32},"end":{"line":48,"column":54}},{"start":{"line":48,"column":59},"end":{"line":48,"column":82}}],"line":48},"3":{"loc":{"start":{"line":51,"column":2},"end":{"line":54,"column":3}},"type":"if","locations":[{"start":{"line":51,"column":2},"end":{"line":54,"column":3}},{"start":{},"end":{}}],"line":51},"4":{"loc":{"start":{"line":82,"column":2},"end":{"line":85,"column":3}},"type":"if","locations":[{"start":{"line":82,"column":2},"end":{"line":85,"column":3}},{"start":{},"end":{}}],"line":82}},"s":{"0":5,"1":5,"2":5,"3":5,"4":5,"5":5,"6":5,"7":5,"8":5,"9":5,"10":3,"11":3,"12":3,"13":2,"14":4,"15":2,"16":1,"17":1,"18":2,"19":5,"20":5,"21":5,"22":5,"23":1,"24":5,"25":5,"26":5,"27":1,"28":1,"29":1,"30":4,"31":3,"32":2,"33":5,"34":2,"35":2,"36":1,"37":1,"38":5,"39":4,"40":4,"41":4,"42":2,"43":4,"44":2,"45":2,"46":1,"47":3,"48":5,"49":2,"50":2,"51":1,"52":1,"53":5},"f":{"0":3,"1":4,"2":5,"3":1,"4":2,"5":4,"6":4,"7":2},"b":{"0":[2,1],"1":[1,4],"2":[0,5],"3":[1,4],"4":[2,2]},"_coverageSchema":"1a1c01bbd47fc00a2c39e90264f33305004495a9","hash":"4008053b2d7f625c4d224e193987ed4f2ce08d09"}
,"/home/jess/springboard/node/express-jobly/routes/users.js": {"path":"/home/jess/springboard/node/express-jobly/routes/users.js","statementMap":{"0":{"start":{"line":5,"column":19},"end":{"line":5,"column":40}},"1":{"start":{"line":7,"column":16},"end":{"line":7,"column":34}},"2":{"start":{"line":8,"column":78},"end":{"line":8,"column":107}},"3":{"start":{"line":9,"column":28},"end":{"line":9,"column":54}},"4":{"start":{"line":10,"column":13},"end":{"line":10,"column":38}},"5":{"start":{"line":11,"column":24},"end":{"line":11,"column":52}},"6":{"start":{"line":12,"column":22},"end":{"line":12,"column":56}},"7":{"start":{"line":13,"column":25},"end":{"line":13,"column":62}},"8":{"start":{"line":15,"column":15},"end":{"line":15,"column":31}},"9":{"start":{"line":29,"column":0},"end":{"line":43,"column":3}},"10":{"start":{"line":30,"column":1},"end":{"line":42,"column":2}},"11":{"start":{"line":31,"column":20},"end":{"line":31,"column":64}},"12":{"start":{"line":32,"column":2},"end":{"line":35,"column":3}},"13":{"start":{"line":33,"column":16},"end":{"line":33,"column":52}},"14":{"start":{"line":33,"column":44},"end":{"line":33,"column":51}},"15":{"start":{"line":34,"column":3},"end":{"line":34,"column":35}},"16":{"start":{"line":37,"column":15},"end":{"line":37,"column":44}},"17":{"start":{"line":38,"column":16},"end":{"line":38,"column":33}},"18":{"start":{"line":39,"column":2},"end":{"line":39,"column":47}},"19":{"start":{"line":41,"column":2},"end":{"line":41,"column":19}},"20":{"start":{"line":52,"column":0},"end":{"line":59,"column":3}},"21":{"start":{"line":53,"column":1},"end":{"line":58,"column":2}},"22":{"start":{"line":54,"column":16},"end":{"line":54,"column":36}},"23":{"start":{"line":55,"column":2},"end":{"line":55,"column":29}},"24":{"start":{"line":57,"column":2},"end":{"line":57,"column":19}},"25":{"start":{"line":68,"column":0},"end":{"line":75,"column":3}},"26":{"start":{"line":69,"column":1},"end":{"line":74,"column":2}},"27":{"start":{"line":70,"column":15},"end":{"line":70,"column":50}},"28":{"start":{"line":71,"column":2},"end":{"line":71,"column":28}},"29":{"start":{"line":73,"column":2},"end":{"line":73,"column":19}},"30":{"start":{"line":87,"column":0},"end":{"line":100,"column":3}},"31":{"start":{"line":88,"column":1},"end":{"line":99,"column":2}},"32":{"start":{"line":89,"column":20},"end":{"line":89,"column":67}},"33":{"start":{"line":90,"column":2},"end":{"line":93,"column":3}},"34":{"start":{"line":91,"column":16},"end":{"line":91,"column":52}},"35":{"start":{"line":91,"column":44},"end":{"line":91,"column":51}},"36":{"start":{"line":92,"column":3},"end":{"line":92,"column":35}},"37":{"start":{"line":95,"column":15},"end":{"line":95,"column":63}},"38":{"start":{"line":96,"column":2},"end":{"line":96,"column":28}},"39":{"start":{"line":98,"column":2},"end":{"line":98,"column":19}},"40":{"start":{"line":107,"column":0},"end":{"line":114,"column":3}},"41":{"start":{"line":108,"column":1},"end":{"line":113,"column":2}},"42":{"start":{"line":109,"column":2},"end":{"line":109,"column":41}},"43":{"start":{"line":110,"column":2},"end":{"line":110,"column":52}},"44":{"start":{"line":112,"column":2},"end":{"line":112,"column":19}},"45":{"start":{"line":116,"column":0},"end":{"line":116,"column":24}}},"fnMap":{"0":{"name":"(anonymous_0)","decl":{"start":{"line":29,"column":52},"end":{"line":29,"column":53}},"loc":{"start":{"line":29,"column":83},"end":{"line":43,"column":1}},"line":29},"1":{"name":"(anonymous_1)","decl":{"start":{"line":33,"column":37},"end":{"line":33,"column":38}},"loc":{"start":{"line":33,"column":44},"end":{"line":33,"column":51}},"line":33},"2":{"name":"(anonymous_2)","decl":{"start":{"line":52,"column":51},"end":{"line":52,"column":52}},"loc":{"start":{"line":52,"column":82},"end":{"line":59,"column":1}},"line":52},"3":{"name":"(anonymous_3)","decl":{"start":{"line":68,"column":73},"end":{"line":68,"column":74}},"loc":{"start":{"line":68,"column":104},"end":{"line":75,"column":1}},"line":68},"4":{"name":"(anonymous_4)","decl":{"start":{"line":87,"column":75},"end":{"line":87,"column":76}},"loc":{"start":{"line":87,"column":106},"end":{"line":100,"column":1}},"line":87},"5":{"name":"(anonymous_5)","decl":{"start":{"line":91,"column":37},"end":{"line":91,"column":38}},"loc":{"start":{"line":91,"column":44},"end":{"line":91,"column":51}},"line":91},"6":{"name":"(anonymous_6)","decl":{"start":{"line":107,"column":76},"end":{"line":107,"column":77}},"loc":{"start":{"line":107,"column":107},"end":{"line":114,"column":1}},"line":107}},"branchMap":{"0":{"loc":{"start":{"line":32,"column":2},"end":{"line":35,"column":3}},"type":"if","locations":[{"start":{"line":32,"column":2},"end":{"line":35,"column":3}},{"start":{},"end":{}}],"line":32},"1":{"loc":{"start":{"line":90,"column":2},"end":{"line":93,"column":3}},"type":"if","locations":[{"start":{"line":90,"column":2},"end":{"line":93,"column":3}},{"start":{},"end":{}}],"line":90}},"s":{"0":5,"1":5,"2":5,"3":5,"4":5,"5":5,"6":5,"7":5,"8":5,"9":5,"10":4,"11":4,"12":4,"13":2,"14":5,"15":2,"16":2,"17":2,"18":2,"19":2,"20":5,"21":2,"22":2,"23":1,"24":1,"25":5,"26":3,"27":3,"28":2,"29":1,"30":5,"31":5,"32":5,"33":5,"34":1,"35":1,"36":1,"37":4,"38":3,"39":2,"40":5,"41":3,"42":3,"43":2,"44":1,"45":5},"f":{"0":4,"1":5,"2":2,"3":3,"4":5,"5":1,"6":3},"b":{"0":[2,2],"1":[1,4]},"_coverageSchema":"1a1c01bbd47fc00a2c39e90264f33305004495a9","hash":"ff5106a3096e7d8090ef1d176d9d760781e80c57"}
}
