TN:
SF:app.js
FN:31,(anonymous_0)
FN:36,(anonymous_1)
FNF:2
FNH:2
FNDA:2,(anonymous_0)
FNDA:52,(anonymous_1)
DA:5,5
DA:6,5
DA:8,5
DA:10,5
DA:11,5
DA:12,5
DA:13,5
DA:14,5
DA:16,5
DA:18,5
DA:20,5
DA:21,5
DA:22,5
DA:23,5
DA:25,5
DA:26,5
DA:27,5
DA:28,5
DA:31,5
DA:32,2
DA:36,5
DA:37,52
DA:38,52
DA:39,52
DA:41,52
DA:46,5
LF:26
LH:26
BRDA:37,0,0,1
BRDA:37,0,1,51
BRDA:38,1,0,52
BRDA:38,1,1,3
BRF:4
BRH:4
end_of_record
TN:
SF:config.js
FN:13,getDatabaseUri
FNF:1
FNH:1
FNDA:22,getDatabaseUri
DA:5,11
DA:6,11
DA:8,11
DA:10,11
DA:14,22
DA:22,11
DA:24,11
DA:25,11
DA:26,11
DA:27,11
DA:28,11
DA:29,11
DA:31,11
LF:13
LH:13
BRDA:8,0,0,11
BRDA:8,0,1,10
BRDA:10,1,0,11
BRDA:10,1,1,10
BRDA:14,2,0,19
BRDA:14,2,1,3
BRDA:16,3,0,3
BRDA:16,3,1,1
BRDA:22,4,0,10
BRDA:22,4,1,1
BRF:10
BRH:10
end_of_record
TN:
SF:db.js
FNF:0
FNH:0
DA:3,8
DA:4,8
DA:8,8
DA:9,0
DA:16,8
DA:21,8
DA:23,8
LF:7
LH:6
BRDA:8,0,0,0
BRDA:8,0,1,8
BRF:2
BRH:1
end_of_record
TN:
SF:expressError.js
FN:8,(anonymous_0)
FN:18,(anonymous_1)
FN:26,(anonymous_2)
FN:34,(anonymous_3)
FN:42,(anonymous_4)
FNF:5
FNH:4
FNDA:65,(anonymous_0)
FNDA:20,(anonymous_1)
FNDA:24,(anonymous_2)
FNDA:21,(anonymous_3)
FNDA:0,(anonymous_4)
DA:9,65
DA:10,65
DA:11,65
DA:19,20
DA:27,24
DA:35,21
DA:43,0
DA:47,10
LF:8
LH:7
BRDA:18,0,0,2
BRDA:26,1,0,20
BRDA:34,2,0,0
BRDA:42,3,0,0
BRF:4
BRH:2
end_of_record
TN:
SF:helpers/sql.js
FN:18,sqlForPartialUpdate
FN:23,(anonymous_1)
FNF:2
FNH:2
FNDA:19,sqlForPartialUpdate
FNDA:34,(anonymous_1)
DA:1,9
DA:19,19
DA:20,19
DA:23,34
DA:25,17
DA:31,9
LF:6
LH:6
BRDA:20,0,0,2
BRDA:20,0,1,17
BRDA:23,1,0,34
BRDA:23,1,1,19
BRF:4
BRH:4
end_of_record
TN:
SF:helpers/tokens.js
FN:6,createToken
FNF:1
FNH:1
FNDA:15,createToken
DA:1,6
DA:2,6
DA:7,15
DA:9,15
DA:14,15
DA:17,6
LF:6
LH:6
BRDA:11,0,0,15
BRDA:11,0,1,9
BRF:2
BRH:2
end_of_record
TN:
SF:middleware/auth.js
FN:17,authenticateJWT
FN:35,ensureLoggedIn
FN:47,ensureAdminStatus
FN:56,ensureCorrectUserAuthorization
FNF:4
FNH:4
FNDA:82,authenticateJWT
FNDA:56,ensureLoggedIn
FNDA:32,ensureAdminStatus
FNDA:11,ensureCorrectUserAuthorization
DA:5,6
DA:6,6
DA:7,6
DA:18,82
DA:19,82
DA:20,82
DA:21,47
DA:22,47
DA:24,81
DA:26,1
DA:36,56
DA:37,56
DA:38,44
DA:40,12
DA:48,32
DA:49,32
DA:50,24
DA:52,8
DA:57,11
DA:58,11
DA:59,0
DA:61,11
DA:63,0
DA:67,6
LF:24
LH:22
BRDA:19,0,0,82
BRDA:19,0,1,81
BRDA:20,1,0,47
BRDA:20,1,1,35
BRDA:37,2,0,12
BRDA:37,2,1,44
BRDA:49,3,0,8
BRDA:49,3,1,24
BRDA:58,4,0,0
BRDA:58,4,1,11
BRDA:58,5,0,11
BRDA:58,5,1,11
BRDA:58,5,2,3
BRF:13
BRH:12
end_of_record
TN:
SF:models/_testCommon.js
FN:8,commonBeforeAll
FN:39,(anonymous_1)
FN:42,commonBeforeEach
FN:46,commonAfterEach
FN:50,commonAfterAll
FNF:5
FNH:5
FNDA:3,commonBeforeAll
FNDA:9,(anonymous_1)
FNDA:44,commonBeforeEach
FNDA:44,commonAfterEach
FNDA:3,commonAfterAll
DA:1,3
DA:3,3
DA:4,3
DA:6,3
DA:10,3
DA:12,3
DA:14,3
DA:19,3
DA:32,3
DA:39,9
DA:43,44
DA:47,44
DA:51,3
DA:54,3
LF:14
LH:14
BRF:0
BRH:0
end_of_record
TN:
SF:models/company.js
FN:19,(anonymous_0)
FN:50,(anonymous_1)
FN:115,(anonymous_2)
FN:150,(anonymous_3)
FN:178,(anonymous_4)
FNF:5
FNH:5
FNDA:16,(anonymous_0)
FNDA:11,(anonymous_1)
FNDA:5,(anonymous_2)
FNDA:6,(anonymous_3)
FNDA:4,(anonymous_4)
DA:3,6
DA:4,6
DA:5,6
DA:20,16
DA:27,16
DA:29,15
DA:36,15
DA:38,15
DA:52,11
DA:59,11
DA:61,11
DA:63,11
DA:66,11
DA:69,11
DA:70,0
DA:75,11
DA:76,3
DA:77,3
DA:82,11
DA:83,4
DA:84,4
DA:90,11
DA:91,5
DA:92,5
DA:97,11
DA:98,8
DA:100,3
DA:103,11
DA:104,10
DA:116,5
DA:131,5
DA:133,5
DA:135,3
DA:151,6
DA:155,5
DA:157,5
DA:165,5
DA:166,5
DA:168,5
DA:170,3
DA:179,4
DA:186,4
DA:188,4
DA:192,6
LF:44
LH:43
BRDA:27,0,0,1
BRDA:27,0,1,15
BRDA:50,1,0,1
BRDA:69,2,0,0
BRDA:69,2,1,11
BRDA:75,3,0,3
BRDA:75,3,1,8
BRDA:82,4,0,4
BRDA:82,4,1,7
BRDA:90,5,0,5
BRDA:90,5,1,6
BRDA:97,6,0,8
BRDA:97,6,1,3
BRDA:133,7,0,2
BRDA:133,7,1,3
BRDA:168,8,0,2
BRDA:168,8,1,3
BRDA:188,9,0,2
BRDA:188,9,1,2
BRF:19
BRH:18
end_of_record
TN:
SF:models/job.js
FN:15,(anonymous_0)
FN:33,(anonymous_1)
FN:84,(anonymous_2)
FN:118,(anonymous_3)
FN:134,(anonymous_4)
FNF:5
FNH:5
FNDA:14,(anonymous_0)
FNDA:9,(anonymous_1)
FNDA:4,(anonymous_2)
FNDA:4,(anonymous_3)
FNDA:4,(anonymous_4)
DA:3,6
DA:4,6
DA:5,6
DA:16,14
DA:17,14
DA:23,14
DA:24,14
DA:34,9
DA:43,9
DA:45,9
DA:47,9
DA:50,9
DA:53,9
DA:54,2
DA:59,9
DA:60,4
DA:61,4
DA:66,9
DA:67,2
DA:68,2
DA:73,9
DA:74,6
DA:76,3
DA:79,9
DA:80,8
DA:85,4
DA:89,4
DA:90,4
DA:91,2
DA:95,2
DA:107,2
DA:108,2
DA:110,2
DA:119,4
DA:120,4
DA:121,4
DA:122,4
DA:123,4
DA:125,4
DA:126,2
DA:128,2
DA:135,4
DA:142,4
DA:144,4
DA:148,6
LF:45
LH:45
BRDA:33,0,0,1
BRDA:53,1,0,2
BRDA:53,1,1,7
BRDA:59,2,0,4
BRDA:59,2,1,5
BRDA:66,3,0,2
BRDA:66,3,1,7
BRDA:73,4,0,6
BRDA:73,4,1,3
BRDA:90,5,0,2
BRDA:90,5,1,2
BRDA:125,6,0,2
BRDA:125,6,1,2
BRDA:144,7,0,2
BRDA:144,7,1,2
BRF:15
BRH:15
end_of_record
TN:
SF:models/user.js
FN:20,(anonymous_0)
FN:55,(anonymous_1)
FN:92,(anonymous_2)
FN:114,(anonymous_3)
FN:150,(anonymous_4)
FN:181,(anonymous_5)
FNF:6
FNH:6
FNDA:7,(anonymous_0)
FNDA:19,(anonymous_1)
FNDA:3,(anonymous_2)
FNDA:5,(anonymous_3)
FNDA:8,(anonymous_4)
FNDA:5,(anonymous_5)
DA:3,6
DA:4,6
DA:5,6
DA:6,6
DA:8,6
DA:22,7
DA:34,7
DA:36,7
DA:38,4
DA:39,4
DA:40,3
DA:41,3
DA:45,4
DA:56,19
DA:63,19
DA:64,1
DA:67,18
DA:69,18
DA:82,18
DA:84,18
DA:93,3
DA:103,2
DA:115,5
DA:126,5
DA:128,5
DA:130,3
DA:151,8
DA:152,2
DA:155,8
DA:160,7
DA:162,7
DA:170,7
DA:171,7
DA:173,7
DA:175,5
DA:176,5
DA:182,5
DA:189,5
DA:191,5
DA:195,6
LF:40
LH:40
BRDA:36,0,0,4
BRDA:36,0,1,3
BRDA:39,1,0,3
BRDA:39,1,1,1
BRDA:63,2,0,1
BRDA:63,2,1,18
BRDA:128,3,0,2
BRDA:128,3,1,3
BRDA:151,4,0,2
BRDA:151,4,1,6
BRDA:173,5,0,2
BRDA:173,5,1,5
BRDA:191,6,0,2
BRDA:191,6,1,3
BRF:14
BRH:14
end_of_record
TN:
SF:routes/_testCommon.js
FN:11,commonBeforeAll
FN:69,commonBeforeEach
FN:73,commonAfterEach
FN:77,commonAfterAll
FNF:4
FNH:4
FNDA:4,commonBeforeAll
FNDA:77,commonBeforeEach
FNDA:77,commonAfterEach
FNDA:4,commonAfterAll
DA:3,4
DA:4,4
DA:5,4
DA:6,4
DA:7,4
DA:9,4
DA:13,4
DA:15,4
DA:17,4
DA:24,4
DA:31,4
DA:39,4
DA:47,4
DA:55,4
DA:64,4
DA:65,4
DA:66,4
DA:70,77
DA:74,77
DA:78,4
DA:81,4
DA:82,4
DA:84,4
LF:23
LH:23
BRF:0
BRH:0
end_of_record
TN:
SF:routes/auth.js
FN:22,(anonymous_0)
FN:26,(anonymous_1)
FN:49,(anonymous_2)
FN:53,(anonymous_3)
FNF:4
FNH:4
FNDA:5,(anonymous_0)
FNDA:2,(anonymous_1)
FNDA:3,(anonymous_2)
FNDA:5,(anonymous_3)
DA:5,5
DA:7,5
DA:8,5
DA:9,5
DA:10,5
DA:11,5
DA:12,5
DA:13,5
DA:22,5
DA:23,5
DA:24,5
DA:25,5
DA:26,2
DA:27,2
DA:30,3
DA:31,3
DA:32,1
DA:33,1
DA:35,4
DA:49,5
DA:50,3
DA:51,3
DA:52,3
DA:53,5
DA:54,2
DA:57,1
DA:58,1
DA:59,1
DA:61,2
DA:66,5
LF:30
LH:30
BRDA:25,0,0,2
BRDA:25,0,1,3
BRDA:52,1,0,2
BRDA:52,1,1,1
BRF:4
BRH:4
end_of_record
TN:
SF:routes/companies.js
FN:27,(anonymous_0)
FN:31,(anonymous_1)
FN:53,(anonymous_2)
FN:67,(anonymous_3)
FN:86,(anonymous_4)
FN:106,(anonymous_5)
FN:110,(anonymous_6)
FN:126,(anonymous_7)
FNF:8
FNH:8
FNDA:3,(anonymous_0)
FNDA:3,(anonymous_1)
FNDA:5,(anonymous_2)
FNDA:1,(anonymous_3)
FNDA:3,(anonymous_4)
FNDA:4,(anonymous_5)
FNDA:2,(anonymous_6)
FNDA:2,(anonymous_7)
DA:5,5
DA:6,5
DA:8,5
DA:9,5
DA:10,5
DA:12,5
DA:13,5
DA:14,5
DA:16,5
DA:27,5
DA:28,3
DA:29,3
DA:30,3
DA:31,3
DA:32,2
DA:35,1
DA:36,1
DA:38,2
DA:53,5
DA:55,5
DA:56,5
DA:57,1
DA:59,5
DA:60,1
DA:64,5
DA:65,5
DA:66,5
DA:67,1
DA:68,1
DA:71,4
DA:72,3
DA:74,2
DA:86,5
DA:87,3
DA:88,3
DA:89,2
DA:91,1
DA:106,5
DA:107,4
DA:108,4
DA:109,4
DA:110,2
DA:111,2
DA:114,2
DA:115,1
DA:117,3
DA:126,5
DA:127,2
DA:128,2
DA:129,1
DA:131,1
DA:135,5
LF:52
LH:52
BRDA:30,0,0,2
BRDA:30,0,1,1
BRDA:56,1,0,1
BRDA:56,1,1,4
BRDA:59,2,0,1
BRDA:59,2,1,4
BRDA:66,3,0,1
BRDA:66,3,1,4
BRDA:109,4,0,2
BRDA:109,4,1,2
BRF:10
BRH:10
end_of_record
TN:
SF:routes/jobs.js
FN:22,(anonymous_0)
FN:27,(anonymous_1)
FN:41,(anonymous_2)
FN:52,(anonymous_3)
FN:66,(anonymous_4)
FN:79,(anonymous_5)
FN:83,(anonymous_6)
FN:97,(anonymous_7)
FNF:8
FNH:8
FNDA:3,(anonymous_0)
FNDA:4,(anonymous_1)
FNDA:5,(anonymous_2)
FNDA:1,(anonymous_3)
FNDA:2,(anonymous_4)
FNDA:4,(anonymous_5)
FNDA:4,(anonymous_6)
FNDA:2,(anonymous_7)
DA:5,5
DA:6,5
DA:8,5
DA:9,5
DA:10,5
DA:12,5
DA:13,5
DA:14,5
DA:16,5
DA:22,5
DA:23,3
DA:25,3
DA:26,3
DA:27,4
DA:28,2
DA:30,1
DA:31,1
DA:33,2
DA:41,5
DA:42,5
DA:44,5
DA:45,5
DA:46,1
DA:48,5
DA:50,5
DA:51,5
DA:52,1
DA:53,1
DA:55,4
DA:56,3
DA:58,2
DA:66,5
DA:67,2
DA:68,2
DA:69,1
DA:71,1
DA:79,5
DA:80,4
DA:81,4
DA:82,4
DA:83,4
DA:84,2
DA:86,2
DA:87,1
DA:89,3
DA:97,5
DA:98,2
DA:99,2
DA:100,1
DA:102,1
DA:106,5
LF:51
LH:51
BRDA:26,0,0,2
BRDA:26,0,1,1
BRDA:45,1,0,1
BRDA:45,1,1,4
BRDA:48,2,0,0
BRDA:48,2,1,5
BRDA:51,3,0,1
BRDA:51,3,1,4
BRDA:82,4,0,2
BRDA:82,4,1,2
BRF:10
BRH:9
end_of_record
TN:
SF:routes/users.js
FN:29,(anonymous_0)
FN:33,(anonymous_1)
FN:52,(anonymous_2)
FN:68,(anonymous_3)
FN:87,(anonymous_4)
FN:91,(anonymous_5)
FN:107,(anonymous_6)
FNF:7
FNH:7
FNDA:4,(anonymous_0)
FNDA:5,(anonymous_1)
FNDA:2,(anonymous_2)
FNDA:3,(anonymous_3)
FNDA:5,(anonymous_4)
FNDA:1,(anonymous_5)
FNDA:3,(anonymous_6)
DA:5,5
DA:7,5
DA:8,5
DA:9,5
DA:10,5
DA:11,5
DA:12,5
DA:13,5
DA:15,5
DA:29,5
DA:30,4
DA:31,4
DA:32,4
DA:33,5
DA:34,2
DA:37,2
DA:38,2
DA:39,2
DA:41,2
DA:52,5
DA:53,2
DA:54,2
DA:55,1
DA:57,1
DA:68,5
DA:69,3
DA:70,3
DA:71,2
DA:73,1
DA:87,5
DA:88,5
DA:89,5
DA:90,5
DA:91,1
DA:92,1
DA:95,4
DA:96,3
DA:98,2
DA:107,5
DA:108,3
DA:109,3
DA:110,2
DA:112,1
DA:116,5
LF:44
LH:44
BRDA:32,0,0,2
BRDA:32,0,1,2
BRDA:90,1,0,1
BRDA:90,1,1,4
BRF:4
BRH:4
end_of_record
